[0.015s] Invoking command in '/home/nithish/slambot_ws/build/slambot_description': CMAKE_PREFIX_PATH=${CMAKE_PREFIX_PATH}:/opt/ros/humble /usr/bin/cmake --build /home/nithish/slambot_ws/build/slambot_description -- -j12 -l12
[0.052s] -- Found ament_cmake: 1.3.11 (/opt/ros/humble/share/ament_cmake/cmake)
[0.238s] -- Found ament_lint_auto: 0.12.11 (/opt/ros/humble/share/ament_lint_auto/cmake)
[0.365s] -- Added test 'lint_cmake' to check CMake code style
[0.366s] -- Added test 'xmllint' to check XML markup files
[0.367s] -- Configuring done
[0.371s] -- Generating done
[0.373s] -- Build files have been written to: /home/nithish/slambot_ws/build/slambot_description
[0.422s] Invoked command in '/home/nithish/slambot_ws/build/slambot_description' returned '0': CMAKE_PREFIX_PATH=${CMAKE_PREFIX_PATH}:/opt/ros/humble /usr/bin/cmake --build /home/nithish/slambot_ws/build/slambot_description -- -j12 -l12
[0.442s] Invoking command in '/home/nithish/slambot_ws/build/slambot_description': CMAKE_PREFIX_PATH=${CMAKE_PREFIX_PATH}:/opt/ros/humble /usr/bin/cmake --install /home/nithish/slambot_ws/build/slambot_description
[0.461s] -- Install configuration: ""
[0.462s] -- Up-to-date: /home/nithish/slambot_ws/install/slambot_description/share/slambot_description/meshes
[0.462s] -- Up-to-date: /home/nithish/slambot_ws/install/slambot_description/share/slambot_description/meshes/wheel_right_1.stl
[0.463s] -- Up-to-date: /home/nithish/slambot_ws/install/slambot_description/share/slambot_description/meshes/wheel_right_2.stl
[0.463s] -- Up-to-date: /home/nithish/slambot_ws/install/slambot_description/share/slambot_description/meshes/wheel_left_1.stl
[0.463s] -- Up-to-date: /home/nithish/slambot_ws/install/slambot_description/share/slambot_description/meshes/wheel_left_2.stl
[0.463s] -- Up-to-date: /home/nithish/slambot_ws/install/slambot_description/share/slambot_description/meshes/base_link.stl
[0.463s] -- Up-to-date: /home/nithish/slambot_ws/install/slambot_description/share/slambot_description/urdf
[0.463s] -- Up-to-date: /home/nithish/slambot_ws/install/slambot_description/share/slambot_description/urdf/slambot_description.urdf.xacro
[0.464s] -- Installing: /home/nithish/slambot_ws/install/slambot_description/share/slambot_description/launch
[0.464s] [31mCMake Error at cmake_install.cmake:46 (file):
[0.464s]   file INSTALL cannot find
[0.465s]   "/home/nithish/slambot_ws/src/slambot_description/rviz": No such file or
[0.465s]   directory.
[0.465s] 
[0.465s] [0m
[0.467s] Invoked command in '/home/nithish/slambot_ws/build/slambot_description' returned '1': CMAKE_PREFIX_PATH=${CMAKE_PREFIX_PATH}:/opt/ros/humble /usr/bin/cmake --install /home/nithish/slambot_ws/build/slambot_description
