[0.193s] DEBUG:colcon:Command line arguments: ['/usr/bin/colcon', 'build']
[0.193s] DEBUG:colcon:Parsed command line arguments: Namespace(log_base=None, log_level=None, verb_name='build', build_base='build', install_base='install', merge_install=False, symlink_install=False, test_result_base=None, continue_on_error=False, executor='parallel', parallel_workers=12, event_handlers=None, ignore_user_meta=False, metas=['./colcon.meta'], base_paths=['.'], packages_ignore=None, packages_ignore_regex=None, paths=None, packages_up_to=None, packages_up_to_regex=None, packages_above=None, packages_above_and_dependencies=None, packages_above_depth=None, packages_select_by_dep=None, packages_skip_by_dep=None, packages_skip_up_to=None, packages_select_build_failed=False, packages_skip_build_finished=False, packages_select_test_failures=False, packages_skip_test_passed=False, packages_select=None, packages_skip=None, packages_select_regex=None, packages_skip_regex=None, packages_start=None, packages_end=None, allow_overriding=[], cmake_args=None, cmake_target=None, cmake_target_skip_unavailable=False, cmake_clean_cache=False, cmake_clean_first=False, cmake_force_configure=False, ament_cmake_args=None, catkin_cmake_args=None, catkin_skip_building_tests=False, mixin_files=None, mixin=None, verb_parser=<colcon_mixin.mixin.mixin_argument.MixinArgumentDecorator object at 0x7cd79fe0e3e0>, verb_extension=<colcon_core.verb.build.BuildVerb object at 0x7cd79ff0f940>, main=<bound method BuildVerb.main of <colcon_core.verb.build.BuildVerb object at 0x7cd79ff0f940>>, mixin_verb=('build',))
[0.272s] Level 1:colcon.colcon_core.package_discovery:discover_packages(colcon_meta) check parameters
[0.272s] Level 1:colcon.colcon_core.package_discovery:discover_packages(recursive) check parameters
[0.272s] Level 1:colcon.colcon_core.package_discovery:discover_packages(ignore) check parameters
[0.272s] Level 1:colcon.colcon_core.package_discovery:discover_packages(path) check parameters
[0.272s] Level 1:colcon.colcon_core.package_discovery:discover_packages(colcon_meta) discover
[0.272s] Level 1:colcon.colcon_core.package_discovery:discover_packages(recursive) discover
[0.272s] INFO:colcon.colcon_core.package_discovery:Crawling recursively for packages in '/home/nithish/slambot_ws'
[0.273s] Level 1:colcon.colcon_core.package_identification:_identify(.) by extensions ['ignore', 'ignore_ament_install']
[0.273s] Level 1:colcon.colcon_core.package_identification:_identify(.) by extension 'ignore'
[0.273s] Level 1:colcon.colcon_core.package_identification:_identify(.) by extension 'ignore_ament_install'
[0.273s] Level 1:colcon.colcon_core.package_identification:_identify(.) by extensions ['colcon_pkg']
[0.273s] Level 1:colcon.colcon_core.package_identification:_identify(.) by extension 'colcon_pkg'
[0.273s] Level 1:colcon.colcon_core.package_identification:_identify(.) by extensions ['colcon_meta']
[0.273s] Level 1:colcon.colcon_core.package_identification:_identify(.) by extension 'colcon_meta'
[0.273s] Level 1:colcon.colcon_core.package_identification:_identify(.) by extensions ['ros']
[0.273s] Level 1:colcon.colcon_core.package_identification:_identify(.) by extension 'ros'
[0.329s] Level 1:colcon.colcon_core.package_identification:_identify(.) by extensions ['cmake', 'python']
[0.329s] Level 1:colcon.colcon_core.package_identification:_identify(.) by extension 'cmake'
[0.330s] Level 1:colcon.colcon_core.package_identification:_identify(.) by extension 'python'
[0.330s] Level 1:colcon.colcon_core.package_identification:_identify(.) by extensions ['python_setup_py']
[0.330s] Level 1:colcon.colcon_core.package_identification:_identify(.) by extension 'python_setup_py'
[0.330s] Level 1:colcon.colcon_core.package_identification:_identify(build) by extensions ['ignore', 'ignore_ament_install']
[0.330s] Level 1:colcon.colcon_core.package_identification:_identify(build) by extension 'ignore'
[0.330s] Level 1:colcon.colcon_core.package_identification:_identify(build) ignored
[0.331s] Level 1:colcon.colcon_core.package_identification:_identify(install) by extensions ['ignore', 'ignore_ament_install']
[0.331s] Level 1:colcon.colcon_core.package_identification:_identify(install) by extension 'ignore'
[0.331s] Level 1:colcon.colcon_core.package_identification:_identify(install) ignored
[0.331s] Level 1:colcon.colcon_core.package_identification:_identify(log) by extensions ['ignore', 'ignore_ament_install']
[0.332s] Level 1:colcon.colcon_core.package_identification:_identify(log) by extension 'ignore'
[0.332s] Level 1:colcon.colcon_core.package_identification:_identify(log) ignored
[0.332s] Level 1:colcon.colcon_core.package_identification:_identify(src) by extensions ['ignore', 'ignore_ament_install']
[0.332s] Level 1:colcon.colcon_core.package_identification:_identify(src) by extension 'ignore'
[0.332s] Level 1:colcon.colcon_core.package_identification:_identify(src) by extension 'ignore_ament_install'
[0.332s] Level 1:colcon.colcon_core.package_identification:_identify(src) by extensions ['colcon_pkg']
[0.332s] Level 1:colcon.colcon_core.package_identification:_identify(src) by extension 'colcon_pkg'
[0.333s] Level 1:colcon.colcon_core.package_identification:_identify(src) by extensions ['colcon_meta']
[0.333s] Level 1:colcon.colcon_core.package_identification:_identify(src) by extension 'colcon_meta'
[0.333s] Level 1:colcon.colcon_core.package_identification:_identify(src) by extensions ['ros']
[0.333s] Level 1:colcon.colcon_core.package_identification:_identify(src) by extension 'ros'
[0.333s] Level 1:colcon.colcon_core.package_identification:_identify(src) by extensions ['cmake', 'python']
[0.333s] Level 1:colcon.colcon_core.package_identification:_identify(src) by extension 'cmake'
[0.333s] Level 1:colcon.colcon_core.package_identification:_identify(src) by extension 'python'
[0.333s] Level 1:colcon.colcon_core.package_identification:_identify(src) by extensions ['python_setup_py']
[0.333s] Level 1:colcon.colcon_core.package_identification:_identify(src) by extension 'python_setup_py'
[0.334s] Level 1:colcon.colcon_core.package_identification:_identify(src/slambot_controller) by extensions ['ignore', 'ignore_ament_install']
[0.334s] Level 1:colcon.colcon_core.package_identification:_identify(src/slambot_controller) by extension 'ignore'
[0.334s] Level 1:colcon.colcon_core.package_identification:_identify(src/slambot_controller) by extension 'ignore_ament_install'
[0.334s] Level 1:colcon.colcon_core.package_identification:_identify(src/slambot_controller) by extensions ['colcon_pkg']
[0.334s] Level 1:colcon.colcon_core.package_identification:_identify(src/slambot_controller) by extension 'colcon_pkg'
[0.334s] Level 1:colcon.colcon_core.package_identification:_identify(src/slambot_controller) by extensions ['colcon_meta']
[0.334s] Level 1:colcon.colcon_core.package_identification:_identify(src/slambot_controller) by extension 'colcon_meta'
[0.334s] Level 1:colcon.colcon_core.package_identification:_identify(src/slambot_controller) by extensions ['ros']
[0.334s] Level 1:colcon.colcon_core.package_identification:_identify(src/slambot_controller) by extension 'ros'
[0.340s] DEBUG:colcon.colcon_core.package_identification:Package 'src/slambot_controller' with type 'ros.ament_cmake' and name 'slambot_controller'
[0.341s] Level 1:colcon.colcon_core.package_identification:_identify(src/slambot_description) by extensions ['ignore', 'ignore_ament_install']
[0.341s] Level 1:colcon.colcon_core.package_identification:_identify(src/slambot_description) by extension 'ignore'
[0.341s] Level 1:colcon.colcon_core.package_identification:_identify(src/slambot_description) by extension 'ignore_ament_install'
[0.341s] Level 1:colcon.colcon_core.package_identification:_identify(src/slambot_description) by extensions ['colcon_pkg']
[0.341s] Level 1:colcon.colcon_core.package_identification:_identify(src/slambot_description) by extension 'colcon_pkg'
[0.341s] Level 1:colcon.colcon_core.package_identification:_identify(src/slambot_description) by extensions ['colcon_meta']
[0.341s] Level 1:colcon.colcon_core.package_identification:_identify(src/slambot_description) by extension 'colcon_meta'
[0.341s] Level 1:colcon.colcon_core.package_identification:_identify(src/slambot_description) by extensions ['ros']
[0.341s] Level 1:colcon.colcon_core.package_identification:_identify(src/slambot_description) by extension 'ros'
[0.349s] DEBUG:colcon.colcon_core.package_identification:Package 'src/slambot_description' with type 'ros.ament_cmake' and name 'slambot_description'
[0.350s] Level 1:colcon.colcon_core.package_discovery:discover_packages(recursive) using defaults
[0.350s] Level 1:colcon.colcon_core.package_discovery:discover_packages(ignore) discover
[0.350s] Level 1:colcon.colcon_core.package_discovery:discover_packages(ignore) using defaults
[0.350s] Level 1:colcon.colcon_core.package_discovery:discover_packages(path) discover
[0.350s] Level 1:colcon.colcon_core.package_discovery:discover_packages(path) using defaults
[0.391s] Level 1:colcon.colcon_core.package_discovery:discover_packages(prefix_path) check parameters
[0.391s] Level 1:colcon.colcon_core.package_discovery:discover_packages(prefix_path) discover
[0.395s] DEBUG:colcon.colcon_installed_package_information.package_discovery:Found 393 installed packages in /opt/ros/humble
[0.398s] Level 1:colcon.colcon_core.package_discovery:discover_packages(prefix_path) using defaults
[0.481s] Level 5:colcon.colcon_core.verb:set package 'slambot_controller' build argument 'cmake_args' from command line to 'None'
[0.481s] Level 5:colcon.colcon_core.verb:set package 'slambot_controller' build argument 'cmake_target' from command line to 'None'
[0.481s] Level 5:colcon.colcon_core.verb:set package 'slambot_controller' build argument 'cmake_target_skip_unavailable' from command line to 'False'
[0.481s] Level 5:colcon.colcon_core.verb:set package 'slambot_controller' build argument 'cmake_clean_cache' from command line to 'False'
[0.481s] Level 5:colcon.colcon_core.verb:set package 'slambot_controller' build argument 'cmake_clean_first' from command line to 'False'
[0.481s] Level 5:colcon.colcon_core.verb:set package 'slambot_controller' build argument 'cmake_force_configure' from command line to 'False'
[0.481s] Level 5:colcon.colcon_core.verb:set package 'slambot_controller' build argument 'ament_cmake_args' from command line to 'None'
[0.481s] Level 5:colcon.colcon_core.verb:set package 'slambot_controller' build argument 'catkin_cmake_args' from command line to 'None'
[0.481s] Level 5:colcon.colcon_core.verb:set package 'slambot_controller' build argument 'catkin_skip_building_tests' from command line to 'False'
[0.481s] DEBUG:colcon.colcon_core.verb:Building package 'slambot_controller' with the following arguments: {'ament_cmake_args': None, 'build_base': '/home/nithish/slambot_ws/build/slambot_controller', 'catkin_cmake_args': None, 'catkin_skip_building_tests': False, 'cmake_args': None, 'cmake_clean_cache': False, 'cmake_clean_first': False, 'cmake_force_configure': False, 'cmake_target': None, 'cmake_target_skip_unavailable': False, 'install_base': '/home/nithish/slambot_ws/install/slambot_controller', 'merge_install': False, 'path': '/home/nithish/slambot_ws/src/slambot_controller', 'symlink_install': False, 'test_result_base': None}
[0.482s] Level 5:colcon.colcon_core.verb:set package 'slambot_description' build argument 'cmake_args' from command line to 'None'
[0.482s] Level 5:colcon.colcon_core.verb:set package 'slambot_description' build argument 'cmake_target' from command line to 'None'
[0.482s] Level 5:colcon.colcon_core.verb:set package 'slambot_description' build argument 'cmake_target_skip_unavailable' from command line to 'False'
[0.482s] Level 5:colcon.colcon_core.verb:set package 'slambot_description' build argument 'cmake_clean_cache' from command line to 'False'
[0.482s] Level 5:colcon.colcon_core.verb:set package 'slambot_description' build argument 'cmake_clean_first' from command line to 'False'
[0.482s] Level 5:colcon.colcon_core.verb:set package 'slambot_description' build argument 'cmake_force_configure' from command line to 'False'
[0.482s] Level 5:colcon.colcon_core.verb:set package 'slambot_description' build argument 'ament_cmake_args' from command line to 'None'
[0.482s] Level 5:colcon.colcon_core.verb:set package 'slambot_description' build argument 'catkin_cmake_args' from command line to 'None'
[0.482s] Level 5:colcon.colcon_core.verb:set package 'slambot_description' build argument 'catkin_skip_building_tests' from command line to 'False'
[0.482s] DEBUG:colcon.colcon_core.verb:Building package 'slambot_description' with the following arguments: {'ament_cmake_args': None, 'build_base': '/home/nithish/slambot_ws/build/slambot_description', 'catkin_cmake_args': None, 'catkin_skip_building_tests': False, 'cmake_args': None, 'cmake_clean_cache': False, 'cmake_clean_first': False, 'cmake_force_configure': False, 'cmake_target': None, 'cmake_target_skip_unavailable': False, 'install_base': '/home/nithish/slambot_ws/install/slambot_description', 'merge_install': False, 'path': '/home/nithish/slambot_ws/src/slambot_description', 'symlink_install': False, 'test_result_base': None}
[0.483s] INFO:colcon.colcon_core.executor:Executing jobs using 'parallel' executor
[0.484s] DEBUG:colcon.colcon_parallel_executor.executor.parallel:run_until_complete
[0.485s] INFO:colcon.colcon_ros.task.ament_cmake.build:Building ROS package in '/home/nithish/slambot_ws/src/slambot_controller' with build type 'ament_cmake'
[0.485s] INFO:colcon.colcon_cmake.task.cmake.build:Building CMake package in '/home/nithish/slambot_ws/src/slambot_controller'
[0.488s] INFO:colcon.colcon_core.plugin_system:Skipping extension 'colcon_core.shell.bat': Not used on non-Windows systems
[0.488s] INFO:colcon.colcon_core.shell:Skip shell extension 'powershell' for command environment: Not usable outside of PowerShell
[0.488s] DEBUG:colcon.colcon_core.shell:Skip shell extension 'dsv' for command environment
[0.493s] INFO:colcon.colcon_ros.task.ament_cmake.build:Building ROS package in '/home/nithish/slambot_ws/src/slambot_description' with build type 'ament_cmake'
[0.493s] INFO:colcon.colcon_cmake.task.cmake.build:Building CMake package in '/home/nithish/slambot_ws/src/slambot_description'
[0.493s] INFO:colcon.colcon_core.shell:Skip shell extension 'powershell' for command environment: Not usable outside of PowerShell
[0.493s] DEBUG:colcon.colcon_core.shell:Skip shell extension 'dsv' for command environment
[0.507s] DEBUG:colcon.colcon_core.event_handler.log_command:Invoking command in '/home/nithish/slambot_ws/build/slambot_controller': CMAKE_PREFIX_PATH=/opt/ros/humble /usr/bin/cmake /home/nithish/slambot_ws/src/slambot_controller -DCMAKE_INSTALL_PREFIX=/home/nithish/slambot_ws/install/slambot_controller
[0.515s] DEBUG:colcon.colcon_core.event_handler.log_command:Invoking command in '/home/nithish/slambot_ws/build/slambot_description': CMAKE_PREFIX_PATH=/opt/ros/humble /usr/bin/cmake --build /home/nithish/slambot_ws/build/slambot_description -- -j12 -l12
[0.609s] DEBUG:colcon.colcon_core.event_handler.log_command:Invoked command in '/home/nithish/slambot_ws/build/slambot_description' returned '0': CMAKE_PREFIX_PATH=/opt/ros/humble /usr/bin/cmake --build /home/nithish/slambot_ws/build/slambot_description -- -j12 -l12
[0.637s] DEBUG:colcon.colcon_core.event_handler.log_command:Invoking command in '/home/nithish/slambot_ws/build/slambot_description': CMAKE_PREFIX_PATH=/opt/ros/humble /usr/bin/cmake --install /home/nithish/slambot_ws/build/slambot_description
[0.663s] Level 1:colcon.colcon_core.environment:create_environment_scripts_only(slambot_description)
[0.669s] DEBUG:colcon.colcon_core.event_handler.log_command:Invoked command in '/home/nithish/slambot_ws/build/slambot_description' returned '0': CMAKE_PREFIX_PATH=/opt/ros/humble /usr/bin/cmake --install /home/nithish/slambot_ws/build/slambot_description
[0.672s] Level 1:colcon.colcon_core.environment:checking '/home/nithish/slambot_ws/install/slambot_description' for CMake module files
[0.673s] Level 1:colcon.colcon_core.environment:checking '/home/nithish/slambot_ws/install/slambot_description' for CMake config files
[0.673s] Level 1:colcon.colcon_core.shell:create_environment_hook('slambot_description', 'cmake_prefix_path')
[0.674s] INFO:colcon.colcon_core.shell:Creating environment hook '/home/nithish/slambot_ws/install/slambot_description/share/slambot_description/hook/cmake_prefix_path.ps1'
[0.675s] INFO:colcon.colcon_core.shell:Creating environment descriptor '/home/nithish/slambot_ws/install/slambot_description/share/slambot_description/hook/cmake_prefix_path.dsv'
[0.676s] INFO:colcon.colcon_core.shell:Creating environment hook '/home/nithish/slambot_ws/install/slambot_description/share/slambot_description/hook/cmake_prefix_path.sh'
[0.678s] Level 1:colcon.colcon_core.environment:checking '/home/nithish/slambot_ws/install/slambot_description/bin'
[0.678s] Level 1:colcon.colcon_core.environment:checking '/home/nithish/slambot_ws/install/slambot_description/lib/pkgconfig/slambot_description.pc'
[0.679s] Level 1:colcon.colcon_core.environment:checking '/home/nithish/slambot_ws/install/slambot_description/lib/python3.10/site-packages'
[0.679s] Level 1:colcon.colcon_core.environment:checking '/home/nithish/slambot_ws/install/slambot_description/bin'
[0.680s] INFO:colcon.colcon_core.shell:Creating package script '/home/nithish/slambot_ws/install/slambot_description/share/slambot_description/package.ps1'
[0.683s] INFO:colcon.colcon_core.shell:Creating package descriptor '/home/nithish/slambot_ws/install/slambot_description/share/slambot_description/package.dsv'
[0.685s] INFO:colcon.colcon_core.shell:Creating package script '/home/nithish/slambot_ws/install/slambot_description/share/slambot_description/package.sh'
[0.687s] INFO:colcon.colcon_core.shell:Creating package script '/home/nithish/slambot_ws/install/slambot_description/share/slambot_description/package.bash'
[0.688s] INFO:colcon.colcon_core.shell:Creating package script '/home/nithish/slambot_ws/install/slambot_description/share/slambot_description/package.zsh'
[0.689s] Level 1:colcon.colcon_core.environment:create_file_with_runtime_dependencies(/home/nithish/slambot_ws/install/slambot_description/share/colcon-core/packages/slambot_description)
[0.691s] Level 1:colcon.colcon_core.environment:create_environment_scripts_only(slambot_description)
[0.691s] Level 1:colcon.colcon_core.environment:checking '/home/nithish/slambot_ws/install/slambot_description' for CMake module files
[0.692s] Level 1:colcon.colcon_core.environment:checking '/home/nithish/slambot_ws/install/slambot_description' for CMake config files
[0.692s] Level 1:colcon.colcon_core.shell:create_environment_hook('slambot_description', 'cmake_prefix_path')
[0.693s] INFO:colcon.colcon_core.shell:Creating environment hook '/home/nithish/slambot_ws/install/slambot_description/share/slambot_description/hook/cmake_prefix_path.ps1'
[0.694s] INFO:colcon.colcon_core.shell:Creating environment descriptor '/home/nithish/slambot_ws/install/slambot_description/share/slambot_description/hook/cmake_prefix_path.dsv'
[0.695s] INFO:colcon.colcon_core.shell:Creating environment hook '/home/nithish/slambot_ws/install/slambot_description/share/slambot_description/hook/cmake_prefix_path.sh'
[0.696s] Level 1:colcon.colcon_core.environment:checking '/home/nithish/slambot_ws/install/slambot_description/bin'
[0.696s] Level 1:colcon.colcon_core.environment:checking '/home/nithish/slambot_ws/install/slambot_description/lib/pkgconfig/slambot_description.pc'
[0.696s] Level 1:colcon.colcon_core.environment:checking '/home/nithish/slambot_ws/install/slambot_description/lib/python3.10/site-packages'
[0.697s] Level 1:colcon.colcon_core.environment:checking '/home/nithish/slambot_ws/install/slambot_description/bin'
[0.698s] INFO:colcon.colcon_core.shell:Creating package script '/home/nithish/slambot_ws/install/slambot_description/share/slambot_description/package.ps1'
[0.699s] INFO:colcon.colcon_core.shell:Creating package descriptor '/home/nithish/slambot_ws/install/slambot_description/share/slambot_description/package.dsv'
[0.700s] INFO:colcon.colcon_core.shell:Creating package script '/home/nithish/slambot_ws/install/slambot_description/share/slambot_description/package.sh'
[0.701s] INFO:colcon.colcon_core.shell:Creating package script '/home/nithish/slambot_ws/install/slambot_description/share/slambot_description/package.bash'
[0.701s] INFO:colcon.colcon_core.shell:Creating package script '/home/nithish/slambot_ws/install/slambot_description/share/slambot_description/package.zsh'
[0.702s] Level 1:colcon.colcon_core.environment:create_file_with_runtime_dependencies(/home/nithish/slambot_ws/install/slambot_description/share/colcon-core/packages/slambot_description)
[4.863s] DEBUG:colcon.colcon_core.event_handler.log_command:Invoked command in '/home/nithish/slambot_ws/build/slambot_controller' returned '0': CMAKE_PREFIX_PATH=/opt/ros/humble /usr/bin/cmake /home/nithish/slambot_ws/src/slambot_controller -DCMAKE_INSTALL_PREFIX=/home/nithish/slambot_ws/install/slambot_controller
[4.866s] DEBUG:colcon.colcon_core.event_handler.log_command:Invoking command in '/home/nithish/slambot_ws/build/slambot_controller': CMAKE_PREFIX_PATH=/opt/ros/humble /usr/bin/cmake --build /home/nithish/slambot_ws/build/slambot_controller -- -j12 -l12
[5.461s] DEBUG:colcon.colcon_core.event_handler.log_command:Invoked command in '/home/nithish/slambot_ws/build/slambot_controller' returned '0': CMAKE_PREFIX_PATH=/opt/ros/humble /usr/bin/cmake --build /home/nithish/slambot_ws/build/slambot_controller -- -j12 -l12
[5.464s] DEBUG:colcon.colcon_core.event_handler.log_command:Invoking command in '/home/nithish/slambot_ws/build/slambot_controller': CMAKE_PREFIX_PATH=/opt/ros/humble /usr/bin/cmake --install /home/nithish/slambot_ws/build/slambot_controller
[5.560s] Level 1:colcon.colcon_core.environment:create_environment_scripts_only(slambot_controller)
[5.561s] Level 1:colcon.colcon_core.environment:checking '/home/nithish/slambot_ws/install/slambot_controller' for CMake module files
[5.562s] DEBUG:colcon.colcon_core.event_handler.log_command:Invoked command in '/home/nithish/slambot_ws/build/slambot_controller' returned '0': CMAKE_PREFIX_PATH=/opt/ros/humble /usr/bin/cmake --install /home/nithish/slambot_ws/build/slambot_controller
[5.563s] Level 1:colcon.colcon_core.environment:checking '/home/nithish/slambot_ws/install/slambot_controller' for CMake config files
[5.563s] Level 1:colcon.colcon_core.shell:create_environment_hook('slambot_controller', 'cmake_prefix_path')
[5.564s] INFO:colcon.colcon_core.shell:Creating environment hook '/home/nithish/slambot_ws/install/slambot_controller/share/slambot_controller/hook/cmake_prefix_path.ps1'
[5.566s] INFO:colcon.colcon_core.shell:Creating environment descriptor '/home/nithish/slambot_ws/install/slambot_controller/share/slambot_controller/hook/cmake_prefix_path.dsv'
[5.567s] INFO:colcon.colcon_core.shell:Creating environment hook '/home/nithish/slambot_ws/install/slambot_controller/share/slambot_controller/hook/cmake_prefix_path.sh'
[5.568s] Level 1:colcon.colcon_core.environment:checking '/home/nithish/slambot_ws/install/slambot_controller/lib'
[5.569s] Level 1:colcon.colcon_core.environment:checking '/home/nithish/slambot_ws/install/slambot_controller/bin'
[5.569s] Level 1:colcon.colcon_core.environment:checking '/home/nithish/slambot_ws/install/slambot_controller/lib/pkgconfig/slambot_controller.pc'
[5.570s] Level 1:colcon.colcon_core.environment:checking '/home/nithish/slambot_ws/install/slambot_controller/lib/python3.10/site-packages'
[5.570s] Level 1:colcon.colcon_core.environment:checking '/home/nithish/slambot_ws/install/slambot_controller/bin'
[5.571s] INFO:colcon.colcon_core.shell:Creating package script '/home/nithish/slambot_ws/install/slambot_controller/share/slambot_controller/package.ps1'
[5.572s] INFO:colcon.colcon_core.shell:Creating package descriptor '/home/nithish/slambot_ws/install/slambot_controller/share/slambot_controller/package.dsv'
[5.573s] INFO:colcon.colcon_core.shell:Creating package script '/home/nithish/slambot_ws/install/slambot_controller/share/slambot_controller/package.sh'
[5.574s] INFO:colcon.colcon_core.shell:Creating package script '/home/nithish/slambot_ws/install/slambot_controller/share/slambot_controller/package.bash'
[5.575s] INFO:colcon.colcon_core.shell:Creating package script '/home/nithish/slambot_ws/install/slambot_controller/share/slambot_controller/package.zsh'
[5.576s] Level 1:colcon.colcon_core.environment:create_file_with_runtime_dependencies(/home/nithish/slambot_ws/install/slambot_controller/share/colcon-core/packages/slambot_controller)
[5.577s] Level 1:colcon.colcon_core.environment:create_environment_scripts_only(slambot_controller)
[5.578s] Level 1:colcon.colcon_core.environment:checking '/home/nithish/slambot_ws/install/slambot_controller' for CMake module files
[5.578s] Level 1:colcon.colcon_core.environment:checking '/home/nithish/slambot_ws/install/slambot_controller' for CMake config files
[5.579s] Level 1:colcon.colcon_core.shell:create_environment_hook('slambot_controller', 'cmake_prefix_path')
[5.579s] INFO:colcon.colcon_core.shell:Creating environment hook '/home/nithish/slambot_ws/install/slambot_controller/share/slambot_controller/hook/cmake_prefix_path.ps1'
[5.580s] INFO:colcon.colcon_core.shell:Creating environment descriptor '/home/nithish/slambot_ws/install/slambot_controller/share/slambot_controller/hook/cmake_prefix_path.dsv'
[5.580s] INFO:colcon.colcon_core.shell:Creating environment hook '/home/nithish/slambot_ws/install/slambot_controller/share/slambot_controller/hook/cmake_prefix_path.sh'
[5.581s] Level 1:colcon.colcon_core.environment:checking '/home/nithish/slambot_ws/install/slambot_controller/lib'
[5.581s] Level 1:colcon.colcon_core.environment:checking '/home/nithish/slambot_ws/install/slambot_controller/bin'
[5.581s] Level 1:colcon.colcon_core.environment:checking '/home/nithish/slambot_ws/install/slambot_controller/lib/pkgconfig/slambot_controller.pc'
[5.582s] Level 1:colcon.colcon_core.environment:checking '/home/nithish/slambot_ws/install/slambot_controller/lib/python3.10/site-packages'
[5.582s] Level 1:colcon.colcon_core.environment:checking '/home/nithish/slambot_ws/install/slambot_controller/bin'
[5.583s] INFO:colcon.colcon_core.shell:Creating package script '/home/nithish/slambot_ws/install/slambot_controller/share/slambot_controller/package.ps1'
[5.584s] INFO:colcon.colcon_core.shell:Creating package descriptor '/home/nithish/slambot_ws/install/slambot_controller/share/slambot_controller/package.dsv'
[5.585s] INFO:colcon.colcon_core.shell:Creating package script '/home/nithish/slambot_ws/install/slambot_controller/share/slambot_controller/package.sh'
[5.585s] INFO:colcon.colcon_core.shell:Creating package script '/home/nithish/slambot_ws/install/slambot_controller/share/slambot_controller/package.bash'
[5.586s] INFO:colcon.colcon_core.shell:Creating package script '/home/nithish/slambot_ws/install/slambot_controller/share/slambot_controller/package.zsh'
[5.587s] Level 1:colcon.colcon_core.environment:create_file_with_runtime_dependencies(/home/nithish/slambot_ws/install/slambot_controller/share/colcon-core/packages/slambot_controller)
[5.587s] DEBUG:colcon.colcon_parallel_executor.executor.parallel:closing loop
[5.587s] DEBUG:colcon.colcon_parallel_executor.executor.parallel:loop closed
[5.587s] DEBUG:colcon.colcon_parallel_executor.executor.parallel:run_until_complete finished with '0'
[5.587s] DEBUG:colcon.colcon_core.event_reactor:joining thread
[5.596s] INFO:colcon.colcon_core.plugin_system:Skipping extension 'colcon_notification.desktop_notification.terminal_notifier': Not used on non-Darwin systems
[5.597s] INFO:colcon.colcon_core.plugin_system:Skipping extension 'colcon_notification.desktop_notification.win32': Not used on non-Windows systems
[5.597s] INFO:colcon.colcon_notification.desktop_notification:Sending desktop notification using 'notify2'
[5.629s] DEBUG:colcon.colcon_core.event_reactor:joined thread
[5.630s] INFO:colcon.colcon_core.shell:Creating prefix script '/home/nithish/slambot_ws/install/local_setup.ps1'
[5.632s] INFO:colcon.colcon_core.shell:Creating prefix util module '/home/nithish/slambot_ws/install/_local_setup_util_ps1.py'
[5.635s] INFO:colcon.colcon_core.shell:Creating prefix chain script '/home/nithish/slambot_ws/install/setup.ps1'
[5.637s] INFO:colcon.colcon_core.shell:Creating prefix script '/home/nithish/slambot_ws/install/local_setup.sh'
[5.639s] INFO:colcon.colcon_core.shell:Creating prefix util module '/home/nithish/slambot_ws/install/_local_setup_util_sh.py'
[5.640s] INFO:colcon.colcon_core.shell:Creating prefix chain script '/home/nithish/slambot_ws/install/setup.sh'
[5.641s] INFO:colcon.colcon_core.shell:Creating prefix script '/home/nithish/slambot_ws/install/local_setup.bash'
[5.642s] INFO:colcon.colcon_core.shell:Creating prefix chain script '/home/nithish/slambot_ws/install/setup.bash'
[5.644s] INFO:colcon.colcon_core.shell:Creating prefix script '/home/nithish/slambot_ws/install/local_setup.zsh'
[5.645s] INFO:colcon.colcon_core.shell:Creating prefix chain script '/home/nithish/slambot_ws/install/setup.zsh'
