-- The C compiler identification is GNU 11.4.0
-- The CXX compiler identification is GNU 11.4.0
-- Detecting C compiler ABI info
-- Detecting C compiler ABI info - done
-- Check for working C compiler: /usr/bin/cc - skipped
-- Detecting C compile features
-- Detecting C compile features - done
-- Detecting CXX compiler ABI info
-- Detecting CXX compiler ABI info - done
-- Check for working CXX compiler: /usr/bin/c++ - skipped
-- Detecting CXX compile features
-- Detecting CXX compile features - done
-- Found ament_cmake: 1.3.11 (/opt/ros/humble/share/ament_cmake/cmake)
-- Found Python3: /usr/bin/python3 (found version "3.10.12") found components: Interpreter 
-- Found rclpy: 3.3.15 (/opt/ros/humble/share/rclpy/cmake)
-- Found std_msgs: 4.2.4 (/opt/ros/humble/share/std_msgs/cmake)
-- Found rosidl_generator_c: 3.1.6 (/opt/ros/humble/share/rosidl_generator_c/cmake)
-- Found rosidl_adapter: 3.1.6 (/opt/ros/humble/share/rosidl_adapter/cmake)
-- Found rosidl_generator_cpp: 3.1.6 (/opt/ros/humble/share/rosidl_generator_cpp/cmake)
-- Using all available rosidl_typesupport_c: rosidl_typesupport_fastrtps_c;rosidl_typesupport_introspection_c
-- Using all available rosidl_typesupport_cpp: rosidl_typesupport_fastrtps_cpp;rosidl_typesupport_introspection_cpp
-- Found geometry_msgs: 4.2.4 (/opt/ros/humble/share/geometry_msgs/cmake)
-- Found sensor_msgs: 4.2.4 (/opt/ros/humble/share/sensor_msgs/cmake)
-- Found rclcpp: 16.0.11 (/opt/ros/humble/share/rclcpp/cmake)
-- Found rmw_implementation_cmake: 6.1.2 (/opt/ros/humble/share/rmw_implementation_cmake/cmake)
-- Found rmw_fastrtps_cpp: 6.2.7 (/opt/ros/humble/share/rmw_fastrtps_cpp/cmake)
-- Found OpenSSL: /usr/lib/x86_64-linux-gnu/libcrypto.so (found version "3.0.2")  
-- Found FastRTPS: /opt/ros/humble/include  
-- Using RMW implementation 'rmw_fastrtps_cpp' as default
-- Looking for pthread.h
-- Looking for pthread.h - found
-- Performing Test CMAKE_HAVE_LIBC_PTHREAD
-- Performing Test CMAKE_HAVE_LIBC_PTHREAD - Success
-- Found Threads: TRUE  
-- Found tf2: 0.25.11 (/opt/ros/humble/share/tf2/cmake)
-- Found tf2_ros: 0.25.11 (/opt/ros/humble/share/tf2_ros/cmake)
-- Found nav_msgs: 4.2.4 (/opt/ros/humble/share/nav_msgs/cmake)
-- Found ament_lint_auto: 0.12.11 (/opt/ros/humble/share/ament_lint_auto/cmake)
-- Configuring done
-- Generating done
-- Build files have been written to: /home/nithish/slambot_ws/build/slambot_controller
Built target ament_cmake_python_copy_slambot_controller
running egg_info
creating slambot_controller.egg-info
writing slambot_controller.egg-info/PKG-INFO
writing dependency_links to slambot_controller.egg-info/dependency_links.txt
writing top-level names to slambot_controller.egg-info/top_level.txt
writing manifest file 'slambot_controller.egg-info/SOURCES.txt'
reading manifest file 'slambot_controller.egg-info/SOURCES.txt'
writing manifest file 'slambot_controller.egg-info/SOURCES.txt'
Built target ament_cmake_python_build_slambot_controller_egg
-- Install configuration: ""
-- Installing: /home/nithish/slambot_ws/install/slambot_controller/share/slambot_controller/environment/pythonpath.sh
-- Installing: /home/nithish/slambot_ws/install/slambot_controller/share/slambot_controller/environment/pythonpath.dsv
-- Installing: /home/nithish/slambot_ws/install/slambot_controller/local/lib/python3.10/dist-packages/slambot_controller-0.0.0-py3.10.egg-info
-- Installing: /home/nithish/slambot_ws/install/slambot_controller/local/lib/python3.10/dist-packages/slambot_controller-0.0.0-py3.10.egg-info/top_level.txt
-- Installing: /home/nithish/slambot_ws/install/slambot_controller/local/lib/python3.10/dist-packages/slambot_controller-0.0.0-py3.10.egg-info/SOURCES.txt
-- Installing: /home/nithish/slambot_ws/install/slambot_controller/local/lib/python3.10/dist-packages/slambot_controller-0.0.0-py3.10.egg-info/dependency_links.txt
-- Installing: /home/nithish/slambot_ws/install/slambot_controller/local/lib/python3.10/dist-packages/slambot_controller-0.0.0-py3.10.egg-info/PKG-INFO
-- Installing: /home/nithish/slambot_ws/install/slambot_controller/local/lib/python3.10/dist-packages/slambot_controller
-- Installing: /home/nithish/slambot_ws/install/slambot_controller/local/lib/python3.10/dist-packages/slambot_controller/simple_controller.py
-- Installing: /home/nithish/slambot_ws/install/slambot_controller/local/lib/python3.10/dist-packages/slambot_controller/__init__.py
Listing '/home/nithish/slambot_ws/install/slambot_controller/local/lib/python3.10/dist-packages/slambot_controller'...
Compiling '/home/nithish/slambot_ws/install/slambot_controller/local/lib/python3.10/dist-packages/slambot_controller/__init__.py'...
Compiling '/home/nithish/slambot_ws/install/slambot_controller/local/lib/python3.10/dist-packages/slambot_controller/simple_controller.py'...
-- Installing: /home/nithish/slambot_ws/install/slambot_controller/share/slambot_controller/config
-- Installing: /home/nithish/slambot_ws/install/slambot_controller/share/slambot_controller/config/slambot_controllers.yaml
-- Installing: /home/nithish/slambot_ws/install/slambot_controller/share/slambot_controller/launch
-- Installing: /home/nithish/slambot_ws/install/slambot_controller/lib/slambot_controller/simple_controller.py
-- Installing: /home/nithish/slambot_ws/install/slambot_controller/share/ament_index/resource_index/package_run_dependencies/slambot_controller
-- Installing: /home/nithish/slambot_ws/install/slambot_controller/share/ament_index/resource_index/parent_prefix_path/slambot_controller
-- Installing: /home/nithish/slambot_ws/install/slambot_controller/share/slambot_controller/environment/ament_prefix_path.sh
-- Installing: /home/nithish/slambot_ws/install/slambot_controller/share/slambot_controller/environment/ament_prefix_path.dsv
-- Installing: /home/nithish/slambot_ws/install/slambot_controller/share/slambot_controller/environment/path.sh
-- Installing: /home/nithish/slambot_ws/install/slambot_controller/share/slambot_controller/environment/path.dsv
-- Installing: /home/nithish/slambot_ws/install/slambot_controller/share/slambot_controller/local_setup.bash
-- Installing: /home/nithish/slambot_ws/install/slambot_controller/share/slambot_controller/local_setup.sh
-- Installing: /home/nithish/slambot_ws/install/slambot_controller/share/slambot_controller/local_setup.zsh
-- Installing: /home/nithish/slambot_ws/install/slambot_controller/share/slambot_controller/local_setup.dsv
-- Installing: /home/nithish/slambot_ws/install/slambot_controller/share/slambot_controller/package.dsv
-- Installing: /home/nithish/slambot_ws/install/slambot_controller/share/ament_index/resource_index/packages/slambot_controller
-- Installing: /home/nithish/slambot_ws/install/slambot_controller/share/slambot_controller/cmake/slambot_controllerConfig.cmake
-- Installing: /home/nithish/slambot_ws/install/slambot_controller/share/slambot_controller/cmake/slambot_controllerConfig-version.cmake
-- Installing: /home/nithish/slambot_ws/install/slambot_controller/share/slambot_controller/package.xml
