[0.021s] Invoking command in '/home/nithish/slambot_ws/build/slambot_controller': CMAKE_PREFIX_PATH=/opt/ros/humble /usr/bin/cmake /home/nithish/slambot_ws/src/slambot_controller -DCMAKE_INSTALL_PREFIX=/home/nithish/slambot_ws/install/slambot_controller
[0.235s] -- The C compiler identification is GNU 11.4.0
[0.436s] -- The CXX compiler identification is GNU 11.4.0
[0.459s] -- Detecting C compiler ABI info
[0.609s] -- Detecting C compiler ABI info - done
[0.623s] -- Check for working C compiler: /usr/bin/cc - skipped
[0.624s] -- Detecting C compile features
[0.625s] -- Detecting C compile features - done
[0.635s] -- Detecting CXX compiler ABI info
[0.840s] -- Detecting CXX compiler ABI info - done
[0.859s] -- Check for working CXX compiler: /usr/bin/c++ - skipped
[0.860s] -- Detecting CXX compile features
[0.861s] -- Detecting CXX compile features - done
[0.871s] -- Found ament_cmake: 1.3.11 (/opt/ros/humble/share/ament_cmake/cmake)
[1.853s] -- Found Python3: /usr/bin/python3 (found version "3.10.12") found components: Interpreter 
[2.104s] -- Found rclpy: 3.3.15 (/opt/ros/humble/share/rclpy/cmake)
[2.107s] -- Found std_msgs: 4.2.4 (/opt/ros/humble/share/std_msgs/cmake)
[2.259s] -- Found rosidl_generator_c: 3.1.6 (/opt/ros/humble/share/rosidl_generator_c/cmake)
[2.288s] -- Found rosidl_adapter: 3.1.6 (/opt/ros/humble/share/rosidl_adapter/cmake)
[2.330s] -- Found rosidl_generator_cpp: 3.1.6 (/opt/ros/humble/share/rosidl_generator_cpp/cmake)
[2.388s] -- Using all available rosidl_typesupport_c: rosidl_typesupport_fastrtps_c;rosidl_typesupport_introspection_c
[2.456s] -- Using all available rosidl_typesupport_cpp: rosidl_typesupport_fastrtps_cpp;rosidl_typesupport_introspection_cpp
[2.537s] -- Found geometry_msgs: 4.2.4 (/opt/ros/humble/share/geometry_msgs/cmake)
[2.585s] -- Found sensor_msgs: 4.2.4 (/opt/ros/humble/share/sensor_msgs/cmake)
[2.640s] -- Found rclcpp: 16.0.11 (/opt/ros/humble/share/rclcpp/cmake)
[2.762s] -- Found rmw_implementation_cmake: 6.1.2 (/opt/ros/humble/share/rmw_implementation_cmake/cmake)
[2.771s] -- Found rmw_fastrtps_cpp: 6.2.7 (/opt/ros/humble/share/rmw_fastrtps_cpp/cmake)
[3.041s] -- Found OpenSSL: /usr/lib/x86_64-linux-gnu/libcrypto.so (found version "3.0.2")  
[3.113s] -- Found FastRTPS: /opt/ros/humble/include  
[3.191s] -- Using RMW implementation 'rmw_fastrtps_cpp' as default
[3.218s] -- Looking for pthread.h
[3.391s] -- Looking for pthread.h - found
[3.391s] -- Performing Test CMAKE_HAVE_LIBC_PTHREAD
[3.555s] -- Performing Test CMAKE_HAVE_LIBC_PTHREAD - Success
[3.558s] -- Found Threads: TRUE  
[3.664s] -- Found tf2: 0.25.11 (/opt/ros/humble/share/tf2/cmake)
[3.686s] -- Found tf2_ros: 0.25.11 (/opt/ros/humble/share/tf2_ros/cmake)
[3.918s] -- Found nav_msgs: 4.2.4 (/opt/ros/humble/share/nav_msgs/cmake)
[4.167s] -- Found ament_lint_auto: 0.12.11 (/opt/ros/humble/share/ament_lint_auto/cmake)
[4.341s] -- Configuring done
[4.350s] -- Generating done
[4.355s] -- Build files have been written to: /home/nithish/slambot_ws/build/slambot_controller
[4.377s] Invoked command in '/home/nithish/slambot_ws/build/slambot_controller' returned '0': CMAKE_PREFIX_PATH=/opt/ros/humble /usr/bin/cmake /home/nithish/slambot_ws/src/slambot_controller -DCMAKE_INSTALL_PREFIX=/home/nithish/slambot_ws/install/slambot_controller
[4.379s] Invoking command in '/home/nithish/slambot_ws/build/slambot_controller': CMAKE_PREFIX_PATH=/opt/ros/humble /usr/bin/cmake --build /home/nithish/slambot_ws/build/slambot_controller -- -j12 -l12
[4.492s] Built target ament_cmake_python_copy_slambot_controller
[4.811s] running egg_info
[4.835s] creating slambot_controller.egg-info
[4.835s] writing slambot_controller.egg-info/PKG-INFO
[4.835s] writing dependency_links to slambot_controller.egg-info/dependency_links.txt
[4.836s] writing top-level names to slambot_controller.egg-info/top_level.txt
[4.836s] writing manifest file 'slambot_controller.egg-info/SOURCES.txt'
[4.902s] reading manifest file 'slambot_controller.egg-info/SOURCES.txt'
[4.903s] writing manifest file 'slambot_controller.egg-info/SOURCES.txt'
[4.955s] Built target ament_cmake_python_build_slambot_controller_egg
[4.975s] Invoked command in '/home/nithish/slambot_ws/build/slambot_controller' returned '0': CMAKE_PREFIX_PATH=/opt/ros/humble /usr/bin/cmake --build /home/nithish/slambot_ws/build/slambot_controller -- -j12 -l12
[4.978s] Invoking command in '/home/nithish/slambot_ws/build/slambot_controller': CMAKE_PREFIX_PATH=/opt/ros/humble /usr/bin/cmake --install /home/nithish/slambot_ws/build/slambot_controller
[4.993s] -- Install configuration: ""
[4.993s] -- Installing: /home/nithish/slambot_ws/install/slambot_controller/share/slambot_controller/environment/pythonpath.sh
[4.993s] -- Installing: /home/nithish/slambot_ws/install/slambot_controller/share/slambot_controller/environment/pythonpath.dsv
[4.993s] -- Installing: /home/nithish/slambot_ws/install/slambot_controller/local/lib/python3.10/dist-packages/slambot_controller-0.0.0-py3.10.egg-info
[4.994s] -- Installing: /home/nithish/slambot_ws/install/slambot_controller/local/lib/python3.10/dist-packages/slambot_controller-0.0.0-py3.10.egg-info/top_level.txt
[4.994s] -- Installing: /home/nithish/slambot_ws/install/slambot_controller/local/lib/python3.10/dist-packages/slambot_controller-0.0.0-py3.10.egg-info/SOURCES.txt
[4.994s] -- Installing: /home/nithish/slambot_ws/install/slambot_controller/local/lib/python3.10/dist-packages/slambot_controller-0.0.0-py3.10.egg-info/dependency_links.txt
[4.994s] -- Installing: /home/nithish/slambot_ws/install/slambot_controller/local/lib/python3.10/dist-packages/slambot_controller-0.0.0-py3.10.egg-info/PKG-INFO
[4.994s] -- Installing: /home/nithish/slambot_ws/install/slambot_controller/local/lib/python3.10/dist-packages/slambot_controller
[4.994s] -- Installing: /home/nithish/slambot_ws/install/slambot_controller/local/lib/python3.10/dist-packages/slambot_controller/simple_controller.py
[4.994s] -- Installing: /home/nithish/slambot_ws/install/slambot_controller/local/lib/python3.10/dist-packages/slambot_controller/__init__.py
[5.058s] Listing '/home/nithish/slambot_ws/install/slambot_controller/local/lib/python3.10/dist-packages/slambot_controller'...
[5.059s] Compiling '/home/nithish/slambot_ws/install/slambot_controller/local/lib/python3.10/dist-packages/slambot_controller/__init__.py'...
[5.059s] Compiling '/home/nithish/slambot_ws/install/slambot_controller/local/lib/python3.10/dist-packages/slambot_controller/simple_controller.py'...
[5.068s] -- Installing: /home/nithish/slambot_ws/install/slambot_controller/share/slambot_controller/config
[5.068s] -- Installing: /home/nithish/slambot_ws/install/slambot_controller/share/slambot_controller/config/slambot_controllers.yaml
[5.069s] -- Installing: /home/nithish/slambot_ws/install/slambot_controller/share/slambot_controller/launch
[5.069s] -- Installing: /home/nithish/slambot_ws/install/slambot_controller/lib/slambot_controller/simple_controller.py
[5.069s] -- Installing: /home/nithish/slambot_ws/install/slambot_controller/share/ament_index/resource_index/package_run_dependencies/slambot_controller
[5.069s] -- Installing: /home/nithish/slambot_ws/install/slambot_controller/share/ament_index/resource_index/parent_prefix_path/slambot_controller
[5.070s] -- Installing: /home/nithish/slambot_ws/install/slambot_controller/share/slambot_controller/environment/ament_prefix_path.sh
[5.070s] -- Installing: /home/nithish/slambot_ws/install/slambot_controller/share/slambot_controller/environment/ament_prefix_path.dsv
[5.070s] -- Installing: /home/nithish/slambot_ws/install/slambot_controller/share/slambot_controller/environment/path.sh
[5.070s] -- Installing: /home/nithish/slambot_ws/install/slambot_controller/share/slambot_controller/environment/path.dsv
[5.070s] -- Installing: /home/nithish/slambot_ws/install/slambot_controller/share/slambot_controller/local_setup.bash
[5.071s] -- Installing: /home/nithish/slambot_ws/install/slambot_controller/share/slambot_controller/local_setup.sh
[5.071s] -- Installing: /home/nithish/slambot_ws/install/slambot_controller/share/slambot_controller/local_setup.zsh
[5.071s] -- Installing: /home/nithish/slambot_ws/install/slambot_controller/share/slambot_controller/local_setup.dsv
[5.071s] -- Installing: /home/nithish/slambot_ws/install/slambot_controller/share/slambot_controller/package.dsv
[5.071s] -- Installing: /home/nithish/slambot_ws/install/slambot_controller/share/ament_index/resource_index/packages/slambot_controller
[5.071s] -- Installing: /home/nithish/slambot_ws/install/slambot_controller/share/slambot_controller/cmake/slambot_controllerConfig.cmake
[5.071s] -- Installing: /home/nithish/slambot_ws/install/slambot_controller/share/slambot_controller/cmake/slambot_controllerConfig-version.cmake
[5.072s] -- Installing: /home/nithish/slambot_ws/install/slambot_controller/share/slambot_controller/package.xml
[5.076s] Invoked command in '/home/nithish/slambot_ws/build/slambot_controller' returned '0': CMAKE_PREFIX_PATH=/opt/ros/humble /usr/bin/cmake --install /home/nithish/slambot_ws/build/slambot_controller
