[0.015s] Invoking command in '/home/nithish/slambot_ws/build/slambot_description': CMAKE_PREFIX_PATH=${CMAKE_PREFIX_PATH}:/opt/ros/humble /usr/bin/cmake --build /home/nithish/slambot_ws/build/slambot_description -- -j12 -l12
[0.080s] Invoked command in '/home/nithish/slambot_ws/build/slambot_description' returned '0': CMAKE_PREFIX_PATH=${CMAKE_PREFIX_PATH}:/opt/ros/humble /usr/bin/cmake --build /home/nithish/slambot_ws/build/slambot_description -- -j12 -l12
[0.093s] Invoking command in '/home/nithish/slambot_ws/build/slambot_description': CMAKE_PREFIX_PATH=${CMAKE_PREFIX_PATH}:/opt/ros/humble /usr/bin/cmake --install /home/nithish/slambot_ws/build/slambot_description
[0.104s] -- Install configuration: ""
[0.104s] -- Up-to-date: /home/nithish/slambot_ws/install/slambot_description/share/ament_index/resource_index/package_run_dependencies/slambot_description
[0.105s] -- Up-to-date: /home/nithish/slambot_ws/install/slambot_description/share/ament_index/resource_index/parent_prefix_path/slambot_description
[0.105s] -- Up-to-date: /home/nithish/slambot_ws/install/slambot_description/share/slambot_description/environment/ament_prefix_path.sh
[0.105s] -- Up-to-date: /home/nithish/slambot_ws/install/slambot_description/share/slambot_description/environment/ament_prefix_path.dsv
[0.105s] -- Up-to-date: /home/nithish/slambot_ws/install/slambot_description/share/slambot_description/environment/path.sh
[0.105s] -- Up-to-date: /home/nithish/slambot_ws/install/slambot_description/share/slambot_description/environment/path.dsv
[0.105s] -- Up-to-date: /home/nithish/slambot_ws/install/slambot_description/share/slambot_description/local_setup.bash
[0.105s] -- Up-to-date: /home/nithish/slambot_ws/install/slambot_description/share/slambot_description/local_setup.sh
[0.105s] -- Up-to-date: /home/nithish/slambot_ws/install/slambot_description/share/slambot_description/local_setup.zsh
[0.105s] -- Up-to-date: /home/nithish/slambot_ws/install/slambot_description/share/slambot_description/local_setup.dsv
[0.105s] -- Installing: /home/nithish/slambot_ws/install/slambot_description/share/slambot_description/package.dsv
[0.106s] -- Up-to-date: /home/nithish/slambot_ws/install/slambot_description/share/ament_index/resource_index/packages/slambot_description
[0.106s] -- Up-to-date: /home/nithish/slambot_ws/install/slambot_description/share/slambot_description/cmake/slambot_descriptionConfig.cmake
[0.106s] -- Up-to-date: /home/nithish/slambot_ws/install/slambot_description/share/slambot_description/cmake/slambot_descriptionConfig-version.cmake
[0.106s] -- Up-to-date: /home/nithish/slambot_ws/install/slambot_description/share/slambot_description/package.xml
[0.108s] Invoked command in '/home/nithish/slambot_ws/build/slambot_description' returned '0': CMAKE_PREFIX_PATH=${CMAKE_PREFIX_PATH}:/opt/ros/humble /usr/bin/cmake --install /home/nithish/slambot_ws/build/slambot_description
