[0.018s] Invoking command in '/home/nithish/slambot_ws/build/slambot_controller': CMAKE_PREFIX_PATH=/opt/ros/humble /usr/bin/cmake --build /home/nithish/slambot_ws/build/slambot_controller -- -j12 -l12
[0.119s] Built target ament_cmake_python_copy_slambot_controller
[0.392s] running egg_info
[0.412s] writing slambot_controller.egg-info/PKG-INFO
[0.412s] writing dependency_links to slambot_controller.egg-info/dependency_links.txt
[0.413s] writing top-level names to slambot_controller.egg-info/top_level.txt
[0.481s] reading manifest file 'slambot_controller.egg-info/SOURCES.txt'
[0.482s] writing manifest file 'slambot_controller.egg-info/SOURCES.txt'
[0.522s] Built target ament_cmake_python_build_slambot_controller_egg
[0.540s] Invoked command in '/home/nithish/slambot_ws/build/slambot_controller' returned '0': CMAKE_PREFIX_PATH=/opt/ros/humble /usr/bin/cmake --build /home/nithish/slambot_ws/build/slambot_controller -- -j12 -l12
[0.542s] Invoking command in '/home/nithish/slambot_ws/build/slambot_controller': CMAKE_PREFIX_PATH=/opt/ros/humble /usr/bin/cmake --install /home/nithish/slambot_ws/build/slambot_controller
[0.558s] -- Install configuration: ""
[0.558s] -- Up-to-date: /home/nithish/slambot_ws/install/slambot_controller/share/slambot_controller/environment/pythonpath.sh
[0.558s] -- Up-to-date: /home/nithish/slambot_ws/install/slambot_controller/share/slambot_controller/environment/pythonpath.dsv
[0.558s] -- Up-to-date: /home/nithish/slambot_ws/install/slambot_controller/local/lib/python3.10/dist-packages/slambot_controller-0.0.0-py3.10.egg-info
[0.559s] -- Installing: /home/nithish/slambot_ws/install/slambot_controller/local/lib/python3.10/dist-packages/slambot_controller-0.0.0-py3.10.egg-info/top_level.txt
[0.559s] -- Installing: /home/nithish/slambot_ws/install/slambot_controller/local/lib/python3.10/dist-packages/slambot_controller-0.0.0-py3.10.egg-info/SOURCES.txt
[0.559s] -- Installing: /home/nithish/slambot_ws/install/slambot_controller/local/lib/python3.10/dist-packages/slambot_controller-0.0.0-py3.10.egg-info/dependency_links.txt
[0.559s] -- Installing: /home/nithish/slambot_ws/install/slambot_controller/local/lib/python3.10/dist-packages/slambot_controller-0.0.0-py3.10.egg-info/PKG-INFO
[0.559s] -- Up-to-date: /home/nithish/slambot_ws/install/slambot_controller/local/lib/python3.10/dist-packages/slambot_controller
[0.560s] -- Installing: /home/nithish/slambot_ws/install/slambot_controller/local/lib/python3.10/dist-packages/slambot_controller/simple_controller.py
[0.560s] -- Installing: /home/nithish/slambot_ws/install/slambot_controller/local/lib/python3.10/dist-packages/slambot_controller/__init__.py
[0.605s] Listing '/home/nithish/slambot_ws/install/slambot_controller/local/lib/python3.10/dist-packages/slambot_controller'...
[0.606s] Compiling '/home/nithish/slambot_ws/install/slambot_controller/local/lib/python3.10/dist-packages/slambot_controller/__init__.py'...
[0.606s] Compiling '/home/nithish/slambot_ws/install/slambot_controller/local/lib/python3.10/dist-packages/slambot_controller/simple_controller.py'...
[0.612s] -- Up-to-date: /home/nithish/slambot_ws/install/slambot_controller/share/slambot_controller/config
[0.612s] -- Installing: /home/nithish/slambot_ws/install/slambot_controller/share/slambot_controller/config/joy_config.yaml
[0.612s] -- Installing: /home/nithish/slambot_ws/install/slambot_controller/share/slambot_controller/config/joy_teleop.yaml
[0.612s] -- Installing: /home/nithish/slambot_ws/install/slambot_controller/share/slambot_controller/config/slambot_controllers.yaml
[0.613s] -- Up-to-date: /home/nithish/slambot_ws/install/slambot_controller/share/slambot_controller/launch
[0.613s] -- Installing: /home/nithish/slambot_ws/install/slambot_controller/share/slambot_controller/launch/controller.launch.py
[0.613s] -- Installing: /home/nithish/slambot_ws/install/slambot_controller/share/slambot_controller/launch/joystick_teleop.launch.py
[0.613s] -- Installing: /home/nithish/slambot_ws/install/slambot_controller/lib/slambot_controller/simple_controller.py
[0.613s] -- Up-to-date: /home/nithish/slambot_ws/install/slambot_controller/share/ament_index/resource_index/package_run_dependencies/slambot_controller
[0.613s] -- Up-to-date: /home/nithish/slambot_ws/install/slambot_controller/share/ament_index/resource_index/parent_prefix_path/slambot_controller
[0.613s] -- Up-to-date: /home/nithish/slambot_ws/install/slambot_controller/share/slambot_controller/environment/ament_prefix_path.sh
[0.613s] -- Up-to-date: /home/nithish/slambot_ws/install/slambot_controller/share/slambot_controller/environment/ament_prefix_path.dsv
[0.613s] -- Up-to-date: /home/nithish/slambot_ws/install/slambot_controller/share/slambot_controller/environment/path.sh
[0.613s] -- Up-to-date: /home/nithish/slambot_ws/install/slambot_controller/share/slambot_controller/environment/path.dsv
[0.614s] -- Up-to-date: /home/nithish/slambot_ws/install/slambot_controller/share/slambot_controller/local_setup.bash
[0.614s] -- Up-to-date: /home/nithish/slambot_ws/install/slambot_controller/share/slambot_controller/local_setup.sh
[0.614s] -- Up-to-date: /home/nithish/slambot_ws/install/slambot_controller/share/slambot_controller/local_setup.zsh
[0.614s] -- Up-to-date: /home/nithish/slambot_ws/install/slambot_controller/share/slambot_controller/local_setup.dsv
[0.614s] -- Up-to-date: /home/nithish/slambot_ws/install/slambot_controller/share/slambot_controller/package.dsv
[0.614s] -- Up-to-date: /home/nithish/slambot_ws/install/slambot_controller/share/ament_index/resource_index/packages/slambot_controller
[0.614s] -- Up-to-date: /home/nithish/slambot_ws/install/slambot_controller/share/slambot_controller/cmake/slambot_controllerConfig.cmake
[0.614s] -- Up-to-date: /home/nithish/slambot_ws/install/slambot_controller/share/slambot_controller/cmake/slambot_controllerConfig-version.cmake
[0.614s] -- Up-to-date: /home/nithish/slambot_ws/install/slambot_controller/share/slambot_controller/package.xml
[0.616s] Invoked command in '/home/nithish/slambot_ws/build/slambot_controller' returned '0': CMAKE_PREFIX_PATH=/opt/ros/humble /usr/bin/cmake --install /home/nithish/slambot_ws/build/slambot_controller
