[0.010s] Invoking command in '/home/nithish/slambot_ws/build/slambot_description': CMAKE_PREFIX_PATH=/opt/ros/humble /usr/bin/cmake /home/nithish/slambot_ws/src/slambot_description -DCMAKE_INSTALL_PREFIX=/home/nithish/slambot_ws/install/slambot_description
[0.164s] -- The C compiler identification is GNU 11.4.0
[0.284s] -- The CXX compiler identification is GNU 11.4.0
[0.297s] -- Detecting C compiler ABI info
[0.403s] -- Detecting C compiler ABI info - done
[0.417s] -- Check for working C compiler: /usr/bin/cc - skipped
[0.417s] -- Detecting C compile features
[0.418s] -- Detecting C compile features - done
[0.424s] -- Detecting CXX compiler ABI info
[0.546s] -- Detecting CXX compiler ABI info - done
[0.557s] -- Check for working CXX compiler: /usr/bin/c++ - skipped
[0.558s] -- Detecting CXX compile features
[0.558s] -- Detecting CXX compile features - done
[0.566s] -- Found ament_cmake: 1.3.11 (/opt/ros/humble/share/ament_cmake/cmake)
[1.030s] -- Found Python3: /usr/bin/python3 (found version "3.10.12") found components: Interpreter 
[1.183s] -- Found ament_lint_auto: 0.12.11 (/opt/ros/humble/share/ament_lint_auto/cmake)
[1.323s] -- Added test 'lint_cmake' to check CMake code style
[1.325s] -- Added test 'xmllint' to check XML markup files
[1.327s] -- Configuring done
[1.330s] -- Generating done
[1.331s] -- Build files have been written to: /home/nithish/slambot_ws/build/slambot_description
[1.338s] Invoked command in '/home/nithish/slambot_ws/build/slambot_description' returned '0': CMAKE_PREFIX_PATH=/opt/ros/humble /usr/bin/cmake /home/nithish/slambot_ws/src/slambot_description -DCMAKE_INSTALL_PREFIX=/home/nithish/slambot_ws/install/slambot_description
[1.342s] Invoking command in '/home/nithish/slambot_ws/build/slambot_description': CMAKE_PREFIX_PATH=/opt/ros/humble /usr/bin/cmake --build /home/nithish/slambot_ws/build/slambot_description -- -j12 -l12
[1.395s] Invoked command in '/home/nithish/slambot_ws/build/slambot_description' returned '0': CMAKE_PREFIX_PATH=/opt/ros/humble /usr/bin/cmake --build /home/nithish/slambot_ws/build/slambot_description -- -j12 -l12
[1.408s] Invoking command in '/home/nithish/slambot_ws/build/slambot_description': CMAKE_PREFIX_PATH=/opt/ros/humble /usr/bin/cmake --install /home/nithish/slambot_ws/build/slambot_description
[1.419s] -- Install configuration: ""
[1.419s] -- Installing: /home/nithish/slambot_ws/install/slambot_description/share/ament_index/resource_index/package_run_dependencies/slambot_description
[1.419s] -- Installing: /home/nithish/slambot_ws/install/slambot_description/share/ament_index/resource_index/parent_prefix_path/slambot_description
[1.420s] -- Installing: /home/nithish/slambot_ws/install/slambot_description/share/slambot_description/environment/ament_prefix_path.sh
[1.420s] -- Installing: /home/nithish/slambot_ws/install/slambot_description/share/slambot_description/environment/ament_prefix_path.dsv
[1.420s] -- Installing: /home/nithish/slambot_ws/install/slambot_description/share/slambot_description/environment/path.sh
[1.420s] -- Installing: /home/nithish/slambot_ws/install/slambot_description/share/slambot_description/environment/path.dsv
[1.420s] -- Installing: /home/nithish/slambot_ws/install/slambot_description/share/slambot_description/local_setup.bash
[1.420s] -- Installing: /home/nithish/slambot_ws/install/slambot_description/share/slambot_description/local_setup.sh
[1.421s] -- Installing: /home/nithish/slambot_ws/install/slambot_description/share/slambot_description/local_setup.zsh
[1.421s] -- Installing: /home/nithish/slambot_ws/install/slambot_description/share/slambot_description/local_setup.dsv
[1.421s] -- Installing: /home/nithish/slambot_ws/install/slambot_description/share/slambot_description/package.dsv
[1.421s] -- Installing: /home/nithish/slambot_ws/install/slambot_description/share/ament_index/resource_index/packages/slambot_description
[1.421s] -- Installing: /home/nithish/slambot_ws/install/slambot_description/share/slambot_description/cmake/slambot_descriptionConfig.cmake
[1.421s] -- Installing: /home/nithish/slambot_ws/install/slambot_description/share/slambot_description/cmake/slambot_descriptionConfig-version.cmake
[1.422s] -- Installing: /home/nithish/slambot_ws/install/slambot_description/share/slambot_description/package.xml
[1.424s] Invoked command in '/home/nithish/slambot_ws/build/slambot_description' returned '0': CMAKE_PREFIX_PATH=/opt/ros/humble /usr/bin/cmake --install /home/nithish/slambot_ws/build/slambot_description
