Built target ament_cmake_python_copy_slambot_controller
running egg_info
writing slambot_controller.egg-info/PKG-INFO
writing dependency_links to slambot_controller.egg-info/dependency_links.txt
writing top-level names to slambot_controller.egg-info/top_level.txt
reading manifest file 'slambot_controller.egg-info/SOURCES.txt'
writing manifest file 'slambot_controller.egg-info/SOURCES.txt'
Built target ament_cmake_python_build_slambot_controller_egg
-- Install configuration: ""
-- Up-to-date: /home/nithish/slambot_ws/install/slambot_controller/share/slambot_controller/environment/pythonpath.sh
-- Up-to-date: /home/nithish/slambot_ws/install/slambot_controller/share/slambot_controller/environment/pythonpath.dsv
-- Up-to-date: /home/nithish/slambot_ws/install/slambot_controller/local/lib/python3.10/dist-packages/slambot_controller-0.0.0-py3.10.egg-info
-- Installing: /home/nithish/slambot_ws/install/slambot_controller/local/lib/python3.10/dist-packages/slambot_controller-0.0.0-py3.10.egg-info/top_level.txt
-- Installing: /home/nithish/slambot_ws/install/slambot_controller/local/lib/python3.10/dist-packages/slambot_controller-0.0.0-py3.10.egg-info/SOURCES.txt
-- Installing: /home/nithish/slambot_ws/install/slambot_controller/local/lib/python3.10/dist-packages/slambot_controller-0.0.0-py3.10.egg-info/dependency_links.txt
-- Installing: /home/nithish/slambot_ws/install/slambot_controller/local/lib/python3.10/dist-packages/slambot_controller-0.0.0-py3.10.egg-info/PKG-INFO
-- Up-to-date: /home/nithish/slambot_ws/install/slambot_controller/local/lib/python3.10/dist-packages/slambot_controller
-- Installing: /home/nithish/slambot_ws/install/slambot_controller/local/lib/python3.10/dist-packages/slambot_controller/simple_controller.py
-- Up-to-date: /home/nithish/slambot_ws/install/slambot_controller/local/lib/python3.10/dist-packages/slambot_controller/__init__.py
Listing '/home/nithish/slambot_ws/install/slambot_controller/local/lib/python3.10/dist-packages/slambot_controller'...
Compiling '/home/nithish/slambot_ws/install/slambot_controller/local/lib/python3.10/dist-packages/slambot_controller/simple_controller.py'...
-- Up-to-date: /home/nithish/slambot_ws/install/slambot_controller/share/slambot_controller/config
-- Up-to-date: /home/nithish/slambot_ws/install/slambot_controller/share/slambot_controller/config/joy_config.yaml
-- Up-to-date: /home/nithish/slambot_ws/install/slambot_controller/share/slambot_controller/config/joy_teleop.yaml
-- Up-to-date: /home/nithish/slambot_ws/install/slambot_controller/share/slambot_controller/config/slambot_controller.yaml
-- Up-to-date: /home/nithish/slambot_ws/install/slambot_controller/share/slambot_controller/launch
-- Installing: /home/nithish/slambot_ws/install/slambot_controller/share/slambot_controller/launch/controller.launch.py
-- Up-to-date: /home/nithish/slambot_ws/install/slambot_controller/share/slambot_controller/launch/joystick_teleop.launch.py
-- Installing: /home/nithish/slambot_ws/install/slambot_controller/lib/slambot_controller/simple_controller.py
-- Up-to-date: /home/nithish/slambot_ws/install/slambot_controller/share/ament_index/resource_index/package_run_dependencies/slambot_controller
-- Up-to-date: /home/nithish/slambot_ws/install/slambot_controller/share/ament_index/resource_index/parent_prefix_path/slambot_controller
-- Up-to-date: /home/nithish/slambot_ws/install/slambot_controller/share/slambot_controller/environment/ament_prefix_path.sh
-- Up-to-date: /home/nithish/slambot_ws/install/slambot_controller/share/slambot_controller/environment/ament_prefix_path.dsv
-- Up-to-date: /home/nithish/slambot_ws/install/slambot_controller/share/slambot_controller/environment/path.sh
-- Up-to-date: /home/nithish/slambot_ws/install/slambot_controller/share/slambot_controller/environment/path.dsv
-- Up-to-date: /home/nithish/slambot_ws/install/slambot_controller/share/slambot_controller/local_setup.bash
-- Up-to-date: /home/nithish/slambot_ws/install/slambot_controller/share/slambot_controller/local_setup.sh
-- Up-to-date: /home/nithish/slambot_ws/install/slambot_controller/share/slambot_controller/local_setup.zsh
-- Up-to-date: /home/nithish/slambot_ws/install/slambot_controller/share/slambot_controller/local_setup.dsv
-- Installing: /home/nithish/slambot_ws/install/slambot_controller/share/slambot_controller/package.dsv
-- Up-to-date: /home/nithish/slambot_ws/install/slambot_controller/share/ament_index/resource_index/packages/slambot_controller
-- Up-to-date: /home/nithish/slambot_ws/install/slambot_controller/share/slambot_controller/cmake/slambot_controllerConfig.cmake
-- Up-to-date: /home/nithish/slambot_ws/install/slambot_controller/share/slambot_controller/cmake/slambot_controllerConfig-version.cmake
-- Up-to-date: /home/nithish/slambot_ws/install/slambot_controller/share/slambot_controller/package.xml
