[0.015s] Invoking command in '/home/nithish/slambot_ws/build/slambot_description': CMAKE_PREFIX_PATH=${CMAKE_PREFIX_PATH}:/opt/ros/humble /usr/bin/cmake --build /home/nithish/slambot_ws/build/slambot_description -- -j12 -l12
[0.051s] -- Found ament_cmake: 1.3.11 (/opt/ros/humble/share/ament_cmake/cmake)
[0.240s] -- Found ament_lint_auto: 0.12.11 (/opt/ros/humble/share/ament_lint_auto/cmake)
[0.376s] -- Added test 'lint_cmake' to check CMake code style
[0.377s] -- Added test 'xmllint' to check XML markup files
[0.378s] -- Configuring done
[0.381s] -- Generating done
[0.384s] -- Build files have been written to: /home/nithish/slambot_ws/build/slambot_description
[0.425s] Invoked command in '/home/nithish/slambot_ws/build/slambot_description' returned '0': CMAKE_PREFIX_PATH=${CMAKE_PREFIX_PATH}:/opt/ros/humble /usr/bin/cmake --build /home/nithish/slambot_ws/build/slambot_description -- -j12 -l12
[0.448s] Invoking command in '/home/nithish/slambot_ws/build/slambot_description': CMAKE_PREFIX_PATH=${CMAKE_PREFIX_PATH}:/opt/ros/humble /usr/bin/cmake --install /home/nithish/slambot_ws/build/slambot_description
[0.466s] -- Install configuration: ""
[0.467s] -- Installing: /home/nithish/slambot_ws/install/slambot_description/share/slambot_description/meshes
[0.467s] -- Installing: /home/nithish/slambot_ws/install/slambot_description/share/slambot_description/meshes/wheel_right_1.stl
[0.467s] -- Installing: /home/nithish/slambot_ws/install/slambot_description/share/slambot_description/meshes/wheel_right_2.stl
[0.469s] -- Installing: /home/nithish/slambot_ws/install/slambot_description/share/slambot_description/meshes/wheel_left_1.stl
[0.470s] -- Installing: /home/nithish/slambot_ws/install/slambot_description/share/slambot_description/meshes/wheel_left_2.stl
[0.471s] -- Installing: /home/nithish/slambot_ws/install/slambot_description/share/slambot_description/meshes/base_link.stl
[0.475s] -- Installing: /home/nithish/slambot_ws/install/slambot_description/share/slambot_description/urdf
[0.475s] -- Installing: /home/nithish/slambot_ws/install/slambot_description/share/slambot_description/urdf/slambot_description.urdf.xacro
[0.475s] [31mCMake Error at cmake_install.cmake:46 (file):
[0.475s]   file INSTALL cannot find
[0.476s]   "/home/nithish/slambot_ws/src/slambot_description/models": No such file or
[0.476s]   directory.
[0.476s] 
[0.476s] [0m
[0.478s] Invoked command in '/home/nithish/slambot_ws/build/slambot_description' returned '1': CMAKE_PREFIX_PATH=${CMAKE_PREFIX_PATH}:/opt/ros/humble /usr/bin/cmake --install /home/nithish/slambot_ws/build/slambot_description
