-- Install configuration: ""
-- Up-to-date: /home/nithish/slambot_ws/install/slambot_description/share/slambot_description/meshes
-- Up-to-date: /home/nithish/slambot_ws/install/slambot_description/share/slambot_description/meshes/wheel_right_1.stl
-- Up-to-date: /home/nithish/slambot_ws/install/slambot_description/share/slambot_description/meshes/wheel_right_2.stl
-- Up-to-date: /home/nithish/slambot_ws/install/slambot_description/share/slambot_description/meshes/wheel_left_1.stl
-- Up-to-date: /home/nithish/slambot_ws/install/slambot_description/share/slambot_description/meshes/wheel_left_2.stl
-- Up-to-date: /home/nithish/slambot_ws/install/slambot_description/share/slambot_description/meshes/base_link.stl
-- Up-to-date: /home/nithish/slambot_ws/install/slambot_description/share/slambot_description/urdf
-- Installing: /home/nithish/slambot_ws/install/slambot_description/share/slambot_description/urdf/slambot_description.urdf.xacro
-- Up-to-date: /home/nithish/slambot_ws/install/slambot_description/share/slambot_description/launch
-- Up-to-date: /home/nithish/slambot_ws/install/slambot_description/share/slambot_description/rviz
-- Up-to-date: /home/nithish/slambot_ws/install/slambot_description/share/ament_index/resource_index/package_run_dependencies/slambot_description
-- Up-to-date: /home/nithish/slambot_ws/install/slambot_description/share/ament_index/resource_index/parent_prefix_path/slambot_description
-- Up-to-date: /home/nithish/slambot_ws/install/slambot_description/share/slambot_description/environment/ament_prefix_path.sh
-- Up-to-date: /home/nithish/slambot_ws/install/slambot_description/share/slambot_description/environment/ament_prefix_path.dsv
-- Up-to-date: /home/nithish/slambot_ws/install/slambot_description/share/slambot_description/environment/path.sh
-- Up-to-date: /home/nithish/slambot_ws/install/slambot_description/share/slambot_description/environment/path.dsv
-- Up-to-date: /home/nithish/slambot_ws/install/slambot_description/share/slambot_description/local_setup.bash
-- Up-to-date: /home/nithish/slambot_ws/install/slambot_description/share/slambot_description/local_setup.sh
-- Up-to-date: /home/nithish/slambot_ws/install/slambot_description/share/slambot_description/local_setup.zsh
-- Up-to-date: /home/nithish/slambot_ws/install/slambot_description/share/slambot_description/local_setup.dsv
-- Installing: /home/nithish/slambot_ws/install/slambot_description/share/slambot_description/package.dsv
-- Up-to-date: /home/nithish/slambot_ws/install/slambot_description/share/ament_index/resource_index/packages/slambot_description
-- Up-to-date: /home/nithish/slambot_ws/install/slambot_description/share/slambot_description/cmake/slambot_descriptionConfig.cmake
-- Up-to-date: /home/nithish/slambot_ws/install/slambot_description/share/slambot_description/cmake/slambot_descriptionConfig-version.cmake
-- Up-to-date: /home/nithish/slambot_ws/install/slambot_description/share/slambot_description/package.xml
